#
# A fatal error has been detected by the Java Runtime Environment:
#
#  EXCEPTION_ACCESS_VIOLATION (0xc0000005) at pc=0x00007ffee5e1e2ec, pid=3288, tid=25164
#
# JRE version: Java(TM) SE Runtime Environment (17.0.6+9) (build 17.0.6+9-LTS-190)
# Java VM: Java HotSpot(TM) 64-Bit Server VM (17.0.6+9-LTS-190, mixed mode, sharing, tiered, compressed oops, compressed class ptrs, g1 gc, windows-amd64)
# Problematic frame:
# C  [atio6axx.dll+0x222e2ec]
#
# No core dump will be written. Minidumps are not enabled by default on client versions of Windows
#
# If you would like to submit a bug report, please visit:
#   https://bugreport.java.com/bugreport/crash.jsp
# The crash happened outside the Java Virtual Machine in native code.
# See problematic frame for where to report the bug.
#

---------------  S U M M A R Y ------------

Command Line: -Dfile.encoding=UTF-8 -Duser.country=DE -Duser.language=de -Duser.variant com.programmierbeleg.machine_mayhem.DesktopLauncher

Host: 12th Gen Intel(R) Core(TM) i5-12600K, 16 cores, 31G,  Windows 11 , 64 bit Build 22621 (10.0.22621.1778)
Time: Sun Jun 18 14:13:38 2023 Mitteleuropäische Sommerzeit elapsed time: 3.376059 seconds (0d 0h 0m 3s)

---------------  T H R E A D  ---------------

Current thread (0x0000018177ebe2d0):  JavaThread "main" [_thread_in_native, id=25164, stack(0x00000007b6200000,0x00000007b6300000)]

Stack: [0x00000007b6200000,0x00000007b6300000],  sp=0x00000007b62fe1c8,  free space=1016k
Native frames: (J=compiled Java code, j=interpreted, Vv=VM code, C=native code)
C  [atio6axx.dll+0x222e2ec]

Java frames: (J=compiled Java code, j=interpreted, Vv=VM code)
j  org.lwjgl.opengl.GL11C.glDrawArrays(III)V+0
J 1637 c1 com.badlogic.gdx.graphics.Mesh.render(Lcom/badlogic/gdx/graphics/glutils/ShaderProgram;IIIZ)V (323 bytes) @ 0x00000181002e5d8c [0x00000181002e47e0+0x00000000000015ac]
J 1833 c1 com.badlogic.gdx.graphics.Mesh.render(Lcom/badlogic/gdx/graphics/glutils/ShaderProgram;I)V (35 bytes) @ 0x0000018100355fc4 [0x0000018100355c00+0x00000000000003c4]
J 1858 c1 com.badlogic.gdx.graphics.glutils.ImmediateModeRenderer20.flush()V (106 bytes) @ 0x0000018100361a64 [0x0000018100361400+0x0000000000000664]
J 1877 c1 com.programmierbeleg.machine_mayhem.SpielObjekte.Knopf.render()V (351 bytes) @ 0x000001810036b66c [0x000001810036a940+0x0000000000000d2c]
J 1809 c1 com.programmierbeleg.machine_mayhem.Anzeigen.SpielAnzeige.render(F)V (914 bytes) @ 0x00000181003494e4 [0x0000018100341de0+0x0000000000007704]
j  com.programmierbeleg.machine_mayhem.Spiel.render()V+46
j  com.badlogic.gdx.backends.lwjgl3.Lwjgl3Window.update()Z+187
j  com.badlogic.gdx.backends.lwjgl3.Lwjgl3Application.loop()V+111
j  com.badlogic.gdx.backends.lwjgl3.Lwjgl3Application.<init>(Lcom/badlogic/gdx/ApplicationListener;Lcom/badlogic/gdx/backends/lwjgl3/Lwjgl3ApplicationConfiguration;)V+269
j  com.programmierbeleg.machine_mayhem.DesktopLauncher.main([Ljava/lang/String;)V+135
v  ~StubRoutines::call_stub

siginfo: EXCEPTION_ACCESS_VIOLATION (0xc0000005), reading address 0x000000000000000c


Register to memory mapping:

RIP=0x00007ffee5e1e2ec atio6axx.dll
RAX=0x000001812e6c6900 points into unknown readable memory: 0x0000000000000000 | 00 00 00 00 00 00 00 00
RBX=0x000001812e6c6900 points into unknown readable memory: 0x0000000000000000 | 00 00 00 00 00 00 00 00
RCX=0x000001812e6c6900 points into unknown readable memory: 0x0000000000000000 | 00 00 00 00 00 00 00 00
RDX=0x000000000000000c is an unknown value
RSP=0x00000007b62fe1c8 is pointing into the stack for thread: 0x0000018177ebe2d0
RBP=0x0 is NULL
RSI=0x0000000000000001 is an unknown value
RDI=0x0000018126d1f8a8 points into unknown readable memory: 0x00007ffee75ed788 | 88 d7 5e e7 fe 7f 00 00
R8 =0x00000000000001d4 is an unknown value
R9 =0x00000000000001e0 is an unknown value
R10=0x00007ffee3bf0000 atio6axx.dll
R11=0x00000000000119c4 is an unknown value
R12=0x0000000000000200 is an unknown value
R13=0x0 is NULL
R14=0x0000018132d017c0 points into unknown readable memory: 0x0000000000000200 | 00 02 00 00 00 00 00 00
R15=0x0 is NULL


Registers:
RAX=0x000001812e6c6900, RBX=0x000001812e6c6900, RCX=0x000001812e6c6900, RDX=0x000000000000000c
RSP=0x00000007b62fe1c8, RBP=0x0000000000000000, RSI=0x0000000000000001, RDI=0x0000018126d1f8a8
R8 =0x00000000000001d4, R9 =0x00000000000001e0, R10=0x00007ffee3bf0000, R11=0x00000000000119c4
R12=0x0000000000000200, R13=0x0000000000000000, R14=0x0000018132d017c0, R15=0x0000000000000000
RIP=0x00007ffee5e1e2ec, EFLAGS=0x0000000000010287

Top of Stack: (sp=0x00000007b62fe1c8)
0x00000007b62fe1c8:   00007ffee3cdab5c 0000000000000256
0x00000007b62fe1d8:   00000181323bd080 0000000000000002
0x00000007b62fe1e8:   0000000000000004 00000181323bd080
0x00000007b62fe1f8:   00007ffee414496f 0000018135374808
0x00000007b62fe208:   00000000000001d4 0000000000000000
0x00000007b62fe218:   0000000000000000 0000000000000000
0x00000007b62fe228:   0000000000000000 00000181271ca898
0x00000007b62fe238:   0000018132d02798 0000000000000000
0x00000007b62fe248:   0000018135374318 0000000000000000
0x00000007b62fe258:   0000000000000000 000000003f800000
0x00000007b62fe268:   0000018125b9cc70 0000000000000000
0x00000007b62fe278:   00000181323bd080 0000018177ebe2d0
0x00000007b62fe288:   0000000000000004 0000000000000000
0x00000007b62fe298:   0000000000000256 000000000000001e
0x00000007b62fe2a8:   00007ffee41443b4 0000000000000001
0x00000007b62fe2b8:   0000000000000256 0000000000000000 

Instructions: (pc=0x00007ffee5e1e2ec)
0x00007ffee5e1e1ec:   89 08 66 44 89 40 04 44 88 48 06 c3 4c 8b 02 8b
0x00007ffee5e1e1fc:   4a 08 44 0f b7 4a 0c 4c 89 00 89 48 08 66 44 89
0x00007ffee5e1e20c:   48 0c c3 0f b7 0a 44 0f b6 42 02 66 89 08 44 88
0x00007ffee5e1e21c:   40 02 c3 90 4c 8b 02 8b 4a 08 44 0f b6 4a 0c 4c
0x00007ffee5e1e22c:   89 00 89 48 08 44 88 48 0c c3 4c 8b 02 0f b7 4a
0x00007ffee5e1e23c:   08 4c 89 00 66 89 48 08 c3 4c 8b 02 0f b6 4a 08
0x00007ffee5e1e24c:   4c 89 00 88 48 08 c3 4c 8b 02 8b 4a 08 4c 89 00
0x00007ffee5e1e25c:   89 48 08 c3 8b 0a 44 0f b7 42 04 89 08 66 44 89
0x00007ffee5e1e26c:   40 04 c3 8b 0a 44 0f b6 42 04 89 08 44 88 40 04
0x00007ffee5e1e27c:   c3 48 8b 0a 48 89 08 c3 0f b6 0a 88 08 c3 8b 0a
0x00007ffee5e1e28c:   89 08 c3 90 49 83 f8 20 77 17 f3 0f 6f 0a f3 42
0x00007ffee5e1e29c:   0f 6f 54 02 f0 f3 0f 7f 09 f3 42 0f 7f 54 01 f0
0x00007ffee5e1e2ac:   c3 48 3b d1 73 0e 4e 8d 0c 02 49 3b c9 0f 82 41
0x00007ffee5e1e2bc:   04 00 00 90 83 3d 99 7d e2 01 03 0f 82 e3 02 00
0x00007ffee5e1e2cc:   00 49 81 f8 00 20 00 00 76 16 49 81 f8 00 00 18
0x00007ffee5e1e2dc:   00 77 0d f6 05 2e 70 fc 01 02 0f 85 64 fe ff ff
0x00007ffee5e1e2ec:   c5 fe 6f 02 c4 a1 7e 6f 6c 02 e0 49 81 f8 00 01
0x00007ffee5e1e2fc:   00 00 0f 86 c4 00 00 00 4c 8b c9 49 83 e1 1f 49
0x00007ffee5e1e30c:   83 e9 20 49 2b c9 49 2b d1 4d 03 c1 49 81 f8 00
0x00007ffee5e1e31c:   01 00 00 0f 86 a3 00 00 00 49 81 f8 00 00 18 00
0x00007ffee5e1e32c:   0f 87 3e 01 00 00 66 66 66 66 66 66 0f 1f 84 00
0x00007ffee5e1e33c:   00 00 00 00 c5 fe 6f 0a c5 fe 6f 52 20 c5 fe 6f
0x00007ffee5e1e34c:   5a 40 c5 fe 6f 62 60 c5 fd 7f 09 c5 fd 7f 51 20
0x00007ffee5e1e35c:   c5 fd 7f 59 40 c5 fd 7f 61 60 c5 fe 6f 8a 80 00
0x00007ffee5e1e36c:   00 00 c5 fe 6f 92 a0 00 00 00 c5 fe 6f 9a c0 00
0x00007ffee5e1e37c:   00 00 c5 fe 6f a2 e0 00 00 00 c5 fd 7f 89 80 00
0x00007ffee5e1e38c:   00 00 c5 fd 7f 91 a0 00 00 00 c5 fd 7f 99 c0 00
0x00007ffee5e1e39c:   00 00 c5 fd 7f a1 e0 00 00 00 48 81 c1 00 01 00
0x00007ffee5e1e3ac:   00 48 81 c2 00 01 00 00 49 81 e8 00 01 00 00 49
0x00007ffee5e1e3bc:   81 f8 00 01 00 00 0f 83 78 ff ff ff 4d 8d 48 1f
0x00007ffee5e1e3cc:   49 83 e1 e0 4d 8b d9 49 c1 eb 05 47 8b 9c 9a 40
0x00007ffee5e1e3dc:   c0 40 04 4d 03 da 41 ff e3 c4 a1 7e 6f 8c 0a 00 


Stack slot to memory mapping:
stack at sp + 0 slots: 0x00007ffee3cdab5c atio6axx.dll
stack at sp + 1 slots: 0x0000000000000256 is an unknown value
stack at sp + 2 slots: 0x00000181323bd080 points into unknown readable memory: 0x00007ffee760b780 | 80 b7 60 e7 fe 7f 00 00
stack at sp + 3 slots: 0x0000000000000002 is an unknown value
stack at sp + 4 slots: 0x0000000000000004 is an unknown value
stack at sp + 5 slots: 0x00000181323bd080 points into unknown readable memory: 0x00007ffee760b780 | 80 b7 60 e7 fe 7f 00 00
stack at sp + 6 slots: 0x00007ffee414496f atio6axx.dll
stack at sp + 7 slots: 0x0000018135374808 points into unknown readable memory: 0x0000000000000010 | 10 00 00 00 00 00 00 00


---------------  P R O C E S S  ---------------

Threads class SMR info:
_java_thread_list=0x00000181319c0b50, length=16, elements={
0x0000018177ebe2d0, 0x0000018123fc87e0, 0x0000018123fcb3a0, 0x0000018123fe28e0,
0x0000018123fe3490, 0x0000018123fe7260, 0x0000018123fe7c10, 0x0000018123fe9900,
0x0000018123fea3a0, 0x0000018123fee290, 0x0000018124f5ead0, 0x0000018124f88320,
0x0000018124f92ab0, 0x0000018124fb2f70, 0x0000018125eb0540, 0x0000018131b933c0
}

Java Threads: ( => current thread )
=>0x0000018177ebe2d0 JavaThread "main" [_thread_in_native, id=25164, stack(0x00000007b6200000,0x00000007b6300000)]
  0x0000018123fc87e0 JavaThread "Reference Handler" daemon [_thread_blocked, id=14664, stack(0x00000007b6900000,0x00000007b6a00000)]
  0x0000018123fcb3a0 JavaThread "Finalizer" daemon [_thread_blocked, id=14324, stack(0x00000007b6a00000,0x00000007b6b00000)]
  0x0000018123fe28e0 JavaThread "Signal Dispatcher" daemon [_thread_blocked, id=25508, stack(0x00000007b6b00000,0x00000007b6c00000)]
  0x0000018123fe3490 JavaThread "Attach Listener" daemon [_thread_blocked, id=22880, stack(0x00000007b6c00000,0x00000007b6d00000)]
  0x0000018123fe7260 JavaThread "Service Thread" daemon [_thread_blocked, id=22560, stack(0x00000007b6d00000,0x00000007b6e00000)]
  0x0000018123fe7c10 JavaThread "Monitor Deflation Thread" daemon [_thread_blocked, id=20892, stack(0x00000007b6e00000,0x00000007b6f00000)]
  0x0000018123fe9900 JavaThread "C2 CompilerThread0" daemon [_thread_blocked, id=25572, stack(0x00000007b6f00000,0x00000007b7000000)]
  0x0000018123fea3a0 JavaThread "C1 CompilerThread0" daemon [_thread_blocked, id=24188, stack(0x00000007b7000000,0x00000007b7100000)]
  0x0000018123fee290 JavaThread "Sweeper thread" daemon [_thread_blocked, id=23940, stack(0x00000007b7100000,0x00000007b7200000)]
  0x0000018124f5ead0 JavaThread "C1 CompilerThread1" daemon [_thread_blocked, id=11716, stack(0x00000007b7200000,0x00000007b7300000)]
  0x0000018124f88320 JavaThread "C1 CompilerThread2" daemon [_thread_blocked, id=8, stack(0x00000007b7300000,0x00000007b7400000)]
  0x0000018124f92ab0 JavaThread "Notification Thread" daemon [_thread_blocked, id=12324, stack(0x00000007b7400000,0x00000007b7500000)]
  0x0000018124fb2f70 JavaThread "Common-Cleaner" daemon [_thread_blocked, id=9136, stack(0x00000007b7600000,0x00000007b7700000)]
  0x0000018125eb0540 JavaThread "Java2D Disposer" daemon [_thread_blocked, id=19236, stack(0x00000007b7800000,0x00000007b7900000)]
  0x0000018131b933c0 JavaThread "LWJGL3 Timer" daemon [_thread_blocked, id=24700, stack(0x00000007b9000000,0x00000007b9100000)]

Other Threads:
  0x0000018123fc3a30 VMThread "VM Thread" [stack: 0x00000007b6800000,0x00000007b6900000] [id=12816]
  0x0000018124f934f0 WatcherThread [stack: 0x00000007b7500000,0x00000007b7600000] [id=8636]
  0x0000018177f6bb40 GCTaskThread "GC Thread#0" [stack: 0x00000007b6300000,0x00000007b6400000] [id=13860]
  0x00000181262dcec0 GCTaskThread "GC Thread#1" [stack: 0x00000007b7c00000,0x00000007b7d00000] [id=12512]
  0x00000181263e3130 GCTaskThread "GC Thread#2" [stack: 0x00000007b7d00000,0x00000007b7e00000] [id=848]
  0x00000181263e33e0 GCTaskThread "GC Thread#3" [stack: 0x00000007b7e00000,0x00000007b7f00000] [id=18196]
  0x00000181263e3690 GCTaskThread "GC Thread#4" [stack: 0x00000007b7f00000,0x00000007b8000000] [id=24136]
  0x00000181263e3940 GCTaskThread "GC Thread#5" [stack: 0x00000007b8000000,0x00000007b8100000] [id=25244]
  0x00000181260048f0 GCTaskThread "GC Thread#6" [stack: 0x00000007b8100000,0x00000007b8200000] [id=23052]
  0x00000181261e34f0 GCTaskThread "GC Thread#7" [stack: 0x00000007b8200000,0x00000007b8300000] [id=13696]
  0x00000181261e37a0 GCTaskThread "GC Thread#8" [stack: 0x00000007b8300000,0x00000007b8400000] [id=24836]
  0x00000181261e3e60 GCTaskThread "GC Thread#9" [stack: 0x00000007b8400000,0x00000007b8500000] [id=22960]
  0x00000181261e4110 GCTaskThread "GC Thread#10" [stack: 0x00000007b8500000,0x00000007b8600000] [id=13600]
  0x00000181261e43c0 GCTaskThread "GC Thread#11" [stack: 0x00000007b8600000,0x00000007b8700000] [id=18820]
  0x0000018177f7ca20 ConcurrentGCThread "G1 Main Marker" [stack: 0x00000007b6400000,0x00000007b6500000] [id=1768]
  0x0000018177f7e6e0 ConcurrentGCThread "G1 Conc#0" [stack: 0x00000007b6500000,0x00000007b6600000] [id=21884]
  0x0000018123f01650 ConcurrentGCThread "G1 Refine#0" [stack: 0x00000007b6600000,0x00000007b6700000] [id=18100]
  0x0000018123f02f20 ConcurrentGCThread "G1 Service" [stack: 0x00000007b6700000,0x00000007b6800000] [id=11304]

Threads with active compile tasks:

VM state: not at safepoint (normal execution)

VM Mutex/Monitor currently owned by a thread: None

Heap address: 0x000000042d000000, size: 8136 MB, Compressed Oops mode: Zero based, Oop shift amount: 3

CDS archive(s) mapped at: [0x0000000800000000-0x0000000800bd0000-0x0000000800bd0000), size 12386304, SharedBaseAddress: 0x0000000800000000, ArchiveRelocationMode: 0.
Compressed class space mapped at: 0x0000000800c00000-0x0000000840c00000, reserved size: 1073741824
Narrow klass base: 0x0000000800000000, Narrow klass shift: 0, Narrow klass range: 0x100000000

GC Precious Log:
 CPUs: 16 total, 16 available
 Memory: 32538M
 Large Page Support: Disabled
 NUMA Support: Disabled
 Compressed Oops: Enabled (Zero based)
 Heap Region Size: 4M
 Heap Min Capacity: 8M
 Heap Initial Capacity: 512M
 Heap Max Capacity: 8136M
 Pre-touch: Disabled
 Parallel Workers: 13
 Concurrent Workers: 3
 Concurrent Refinement Workers: 13
 Periodic GC: Disabled

Heap:
 garbage-first heap   total 524288K, used 22985K [0x000000042d000000, 0x0000000629800000)
  region size 4096K, 8 young (32768K), 1 survivors (4096K)
 Metaspace       used 9762K, committed 9920K, reserved 1064960K
  class space    used 755K, committed 832K, reserved 1048576K

Heap Regions: E=young(eden), S=young(survivor), O=old, HS=humongous(starts), HC=humongous(continues), CS=collection set, F=free, OA=open archive, CA=closed archive, TAMS=top-at-mark-start (previous, next)
|   0|0x000000042d000000, 0x000000042d000000, 0x000000042d400000|  0%| F|  |TAMS 0x000000042d000000, 0x000000042d000000| Untracked 
|   1|0x000000042d400000, 0x000000042d400000, 0x000000042d800000|  0%| F|  |TAMS 0x000000042d400000, 0x000000042d400000| Untracked 
|   2|0x000000042d800000, 0x000000042d800000, 0x000000042dc00000|  0%| F|  |TAMS 0x000000042d800000, 0x000000042d800000| Untracked 
|   3|0x000000042dc00000, 0x000000042dc00000, 0x000000042e000000|  0%| F|  |TAMS 0x000000042dc00000, 0x000000042dc00000| Untracked 
|   4|0x000000042e000000, 0x000000042e000000, 0x000000042e400000|  0%| F|  |TAMS 0x000000042e000000, 0x000000042e000000| Untracked 
|   5|0x000000042e400000, 0x000000042e400000, 0x000000042e800000|  0%| F|  |TAMS 0x000000042e400000, 0x000000042e400000| Untracked 
|   6|0x000000042e800000, 0x000000042e800000, 0x000000042ec00000|  0%| F|  |TAMS 0x000000042e800000, 0x000000042e800000| Untracked 
|   7|0x000000042ec00000, 0x000000042ec00000, 0x000000042f000000|  0%| F|  |TAMS 0x000000042ec00000, 0x000000042ec00000| Untracked 
|   8|0x000000042f000000, 0x000000042f000000, 0x000000042f400000|  0%| F|  |TAMS 0x000000042f000000, 0x000000042f000000| Untracked 
|   9|0x000000042f400000, 0x000000042f400000, 0x000000042f800000|  0%| F|  |TAMS 0x000000042f400000, 0x000000042f400000| Untracked 
|  10|0x000000042f800000, 0x000000042f800000, 0x000000042fc00000|  0%| F|  |TAMS 0x000000042f800000, 0x000000042f800000| Untracked 
|  11|0x000000042fc00000, 0x000000042fc00000, 0x0000000430000000|  0%| F|  |TAMS 0x000000042fc00000, 0x000000042fc00000| Untracked 
|  12|0x0000000430000000, 0x0000000430000000, 0x0000000430400000|  0%| F|  |TAMS 0x0000000430000000, 0x0000000430000000| Untracked 
|  13|0x0000000430400000, 0x0000000430400000, 0x0000000430800000|  0%| F|  |TAMS 0x0000000430400000, 0x0000000430400000| Untracked 
|  14|0x0000000430800000, 0x0000000430800000, 0x0000000430c00000|  0%| F|  |TAMS 0x0000000430800000, 0x0000000430800000| Untracked 
|  15|0x0000000430c00000, 0x0000000430c00000, 0x0000000431000000|  0%| F|  |TAMS 0x0000000430c00000, 0x0000000430c00000| Untracked 
|  16|0x0000000431000000, 0x0000000431000000, 0x0000000431400000|  0%| F|  |TAMS 0x0000000431000000, 0x0000000431000000| Untracked 
|  17|0x0000000431400000, 0x0000000431400000, 0x0000000431800000|  0%| F|  |TAMS 0x0000000431400000, 0x0000000431400000| Untracked 
|  18|0x0000000431800000, 0x0000000431800000, 0x0000000431c00000|  0%| F|  |TAMS 0x0000000431800000, 0x0000000431800000| Untracked 
|  19|0x0000000431c00000, 0x0000000431c00000, 0x0000000432000000|  0%| F|  |TAMS 0x0000000431c00000, 0x0000000431c00000| Untracked 
|  20|0x0000000432000000, 0x0000000432000000, 0x0000000432400000|  0%| F|  |TAMS 0x0000000432000000, 0x0000000432000000| Untracked 
|  21|0x0000000432400000, 0x0000000432400000, 0x0000000432800000|  0%| F|  |TAMS 0x0000000432400000, 0x0000000432400000| Untracked 
|  22|0x0000000432800000, 0x0000000432800000, 0x0000000432c00000|  0%| F|  |TAMS 0x0000000432800000, 0x0000000432800000| Untracked 
|  23|0x0000000432c00000, 0x0000000432c00000, 0x0000000433000000|  0%| F|  |TAMS 0x0000000432c00000, 0x0000000432c00000| Untracked 
|  24|0x0000000433000000, 0x0000000433000000, 0x0000000433400000|  0%| F|  |TAMS 0x0000000433000000, 0x0000000433000000| Untracked 
|  25|0x0000000433400000, 0x0000000433400000, 0x0000000433800000|  0%| F|  |TAMS 0x0000000433400000, 0x0000000433400000| Untracked 
|  26|0x0000000433800000, 0x0000000433800000, 0x0000000433c00000|  0%| F|  |TAMS 0x0000000433800000, 0x0000000433800000| Untracked 
|  27|0x0000000433c00000, 0x0000000433c00000, 0x0000000434000000|  0%| F|  |TAMS 0x0000000433c00000, 0x0000000433c00000| Untracked 
|  28|0x0000000434000000, 0x0000000434000000, 0x0000000434400000|  0%| F|  |TAMS 0x0000000434000000, 0x0000000434000000| Untracked 
|  29|0x0000000434400000, 0x0000000434400000, 0x0000000434800000|  0%| F|  |TAMS 0x0000000434400000, 0x0000000434400000| Untracked 
|  30|0x0000000434800000, 0x0000000434800000, 0x0000000434c00000|  0%| F|  |TAMS 0x0000000434800000, 0x0000000434800000| Untracked 
|  31|0x0000000434c00000, 0x0000000434c00000, 0x0000000435000000|  0%| F|  |TAMS 0x0000000434c00000, 0x0000000434c00000| Untracked 
|  32|0x0000000435000000, 0x0000000435000000, 0x0000000435400000|  0%| F|  |TAMS 0x0000000435000000, 0x0000000435000000| Untracked 
|  33|0x0000000435400000, 0x0000000435400000, 0x0000000435800000|  0%| F|  |TAMS 0x0000000435400000, 0x0000000435400000| Untracked 
|  34|0x0000000435800000, 0x0000000435800000, 0x0000000435c00000|  0%| F|  |TAMS 0x0000000435800000, 0x0000000435800000| Untracked 
|  35|0x0000000435c00000, 0x0000000435c00000, 0x0000000436000000|  0%| F|  |TAMS 0x0000000435c00000, 0x0000000435c00000| Untracked 
|  36|0x0000000436000000, 0x0000000436000000, 0x0000000436400000|  0%| F|  |TAMS 0x0000000436000000, 0x0000000436000000| Untracked 
|  37|0x0000000436400000, 0x0000000436400000, 0x0000000436800000|  0%| F|  |TAMS 0x0000000436400000, 0x0000000436400000| Untracked 
|  38|0x0000000436800000, 0x0000000436800000, 0x0000000436c00000|  0%| F|  |TAMS 0x0000000436800000, 0x0000000436800000| Untracked 
|  39|0x0000000436c00000, 0x0000000436c00000, 0x0000000437000000|  0%| F|  |TAMS 0x0000000436c00000, 0x0000000436c00000| Untracked 
|  40|0x0000000437000000, 0x0000000437000000, 0x0000000437400000|  0%| F|  |TAMS 0x0000000437000000, 0x0000000437000000| Untracked 
|  41|0x0000000437400000, 0x0000000437400000, 0x0000000437800000|  0%| F|  |TAMS 0x0000000437400000, 0x0000000437400000| Untracked 
|  42|0x0000000437800000, 0x0000000437800000, 0x0000000437c00000|  0%| F|  |TAMS 0x0000000437800000, 0x0000000437800000| Untracked 
|  43|0x0000000437c00000, 0x0000000437c00000, 0x0000000438000000|  0%| F|  |TAMS 0x0000000437c00000, 0x0000000437c00000| Untracked 
|  44|0x0000000438000000, 0x0000000438000000, 0x0000000438400000|  0%| F|  |TAMS 0x0000000438000000, 0x0000000438000000| Untracked 
|  45|0x0000000438400000, 0x0000000438400000, 0x0000000438800000|  0%| F|  |TAMS 0x0000000438400000, 0x0000000438400000| Untracked 
|  46|0x0000000438800000, 0x0000000438800000, 0x0000000438c00000|  0%| F|  |TAMS 0x0000000438800000, 0x0000000438800000| Untracked 
|  47|0x0000000438c00000, 0x0000000438c00000, 0x0000000439000000|  0%| F|  |TAMS 0x0000000438c00000, 0x0000000438c00000| Untracked 
|  48|0x0000000439000000, 0x0000000439000000, 0x0000000439400000|  0%| F|  |TAMS 0x0000000439000000, 0x0000000439000000| Untracked 
|  49|0x0000000439400000, 0x0000000439400000, 0x0000000439800000|  0%| F|  |TAMS 0x0000000439400000, 0x0000000439400000| Untracked 
|  50|0x0000000439800000, 0x0000000439800000, 0x0000000439c00000|  0%| F|  |TAMS 0x0000000439800000, 0x0000000439800000| Untracked 
|  51|0x0000000439c00000, 0x0000000439c00000, 0x000000043a000000|  0%| F|  |TAMS 0x0000000439c00000, 0x0000000439c00000| Untracked 
|  52|0x000000043a000000, 0x000000043a000000, 0x000000043a400000|  0%| F|  |TAMS 0x000000043a000000, 0x000000043a000000| Untracked 
|  53|0x000000043a400000, 0x000000043a400000, 0x000000043a800000|  0%| F|  |TAMS 0x000000043a400000, 0x000000043a400000| Untracked 
|  54|0x000000043a800000, 0x000000043a800000, 0x000000043ac00000|  0%| F|  |TAMS 0x000000043a800000, 0x000000043a800000| Untracked 
|  55|0x000000043ac00000, 0x000000043ac00000, 0x000000043b000000|  0%| F|  |TAMS 0x000000043ac00000, 0x000000043ac00000| Untracked 
|  56|0x000000043b000000, 0x000000043b000000, 0x000000043b400000|  0%| F|  |TAMS 0x000000043b000000, 0x000000043b000000| Untracked 
|  57|0x000000043b400000, 0x000000043b400000, 0x000000043b800000|  0%| F|  |TAMS 0x000000043b400000, 0x000000043b400000| Untracked 
|  58|0x000000043b800000, 0x000000043b800000, 0x000000043bc00000|  0%| F|  |TAMS 0x000000043b800000, 0x000000043b800000| Untracked 
|  59|0x000000043bc00000, 0x000000043bc00000, 0x000000043c000000|  0%| F|  |TAMS 0x000000043bc00000, 0x000000043bc00000| Untracked 
|  60|0x000000043c000000, 0x000000043c000000, 0x000000043c400000|  0%| F|  |TAMS 0x000000043c000000, 0x000000043c000000| Untracked 
|  61|0x000000043c400000, 0x000000043c400000, 0x000000043c800000|  0%| F|  |TAMS 0x000000043c400000, 0x000000043c400000| Untracked 
|  62|0x000000043c800000, 0x000000043c800000, 0x000000043cc00000|  0%| F|  |TAMS 0x000000043c800000, 0x000000043c800000| Untracked 
|  63|0x000000043cc00000, 0x000000043cc00000, 0x000000043d000000|  0%| F|  |TAMS 0x000000043cc00000, 0x000000043cc00000| Untracked 
|  64|0x000000043d000000, 0x000000043d000000, 0x000000043d400000|  0%| F|  |TAMS 0x000000043d000000, 0x000000043d000000| Untracked 
|  65|0x000000043d400000, 0x000000043d400000, 0x000000043d800000|  0%| F|  |TAMS 0x000000043d400000, 0x000000043d400000| Untracked 
|  66|0x000000043d800000, 0x000000043d800000, 0x000000043dc00000|  0%| F|  |TAMS 0x000000043d800000, 0x000000043d800000| Untracked 
|  67|0x000000043dc00000, 0x000000043dc00000, 0x000000043e000000|  0%| F|  |TAMS 0x000000043dc00000, 0x000000043dc00000| Untracked 
|  68|0x000000043e000000, 0x000000043e000000, 0x000000043e400000|  0%| F|  |TAMS 0x000000043e000000, 0x000000043e000000| Untracked 
|  69|0x000000043e400000, 0x000000043e400000, 0x000000043e800000|  0%| F|  |TAMS 0x000000043e400000, 0x000000043e400000| Untracked 
|  70|0x000000043e800000, 0x000000043e800000, 0x000000043ec00000|  0%| F|  |TAMS 0x000000043e800000, 0x000000043e800000| Untracked 
|  71|0x000000043ec00000, 0x000000043ec00000, 0x000000043f000000|  0%| F|  |TAMS 0x000000043ec00000, 0x000000043ec00000| Untracked 
|  72|0x000000043f000000, 0x000000043f000000, 0x000000043f400000|  0%| F|  |TAMS 0x000000043f000000, 0x000000043f000000| Untracked 
|  73|0x000000043f400000, 0x000000043f400000, 0x000000043f800000|  0%| F|  |TAMS 0x000000043f400000, 0x000000043f400000| Untracked 
|  74|0x000000043f800000, 0x000000043f800000, 0x000000043fc00000|  0%| F|  |TAMS 0x000000043f800000, 0x000000043f800000| Untracked 
|  75|0x000000043fc00000, 0x000000043fc00000, 0x0000000440000000|  0%| F|  |TAMS 0x000000043fc00000, 0x000000043fc00000| Untracked 
|  76|0x0000000440000000, 0x0000000440000000, 0x0000000440400000|  0%| F|  |TAMS 0x0000000440000000, 0x0000000440000000| Untracked 
|  77|0x0000000440400000, 0x0000000440400000, 0x0000000440800000|  0%| F|  |TAMS 0x0000000440400000, 0x0000000440400000| Untracked 
|  78|0x0000000440800000, 0x0000000440800000, 0x0000000440c00000|  0%| F|  |TAMS 0x0000000440800000, 0x0000000440800000| Untracked 
|  79|0x0000000440c00000, 0x0000000440c00000, 0x0000000441000000|  0%| F|  |TAMS 0x0000000440c00000, 0x0000000440c00000| Untracked 
|  80|0x0000000441000000, 0x0000000441000000, 0x0000000441400000|  0%| F|  |TAMS 0x0000000441000000, 0x0000000441000000| Untracked 
|  81|0x0000000441400000, 0x0000000441400000, 0x0000000441800000|  0%| F|  |TAMS 0x0000000441400000, 0x0000000441400000| Untracked 
|  82|0x0000000441800000, 0x0000000441800000, 0x0000000441c00000|  0%| F|  |TAMS 0x0000000441800000, 0x0000000441800000| Untracked 
|  83|0x0000000441c00000, 0x0000000441c00000, 0x0000000442000000|  0%| F|  |TAMS 0x0000000441c00000, 0x0000000441c00000| Untracked 
|  84|0x0000000442000000, 0x0000000442000000, 0x0000000442400000|  0%| F|  |TAMS 0x0000000442000000, 0x0000000442000000| Untracked 
|  85|0x0000000442400000, 0x0000000442400000, 0x0000000442800000|  0%| F|  |TAMS 0x0000000442400000, 0x0000000442400000| Untracked 
|  86|0x0000000442800000, 0x0000000442800000, 0x0000000442c00000|  0%| F|  |TAMS 0x0000000442800000, 0x0000000442800000| Untracked 
|  87|0x0000000442c00000, 0x0000000442c00000, 0x0000000443000000|  0%| F|  |TAMS 0x0000000442c00000, 0x0000000442c00000| Untracked 
|  88|0x0000000443000000, 0x0000000443000000, 0x0000000443400000|  0%| F|  |TAMS 0x0000000443000000, 0x0000000443000000| Untracked 
|  89|0x0000000443400000, 0x0000000443400000, 0x0000000443800000|  0%| F|  |TAMS 0x0000000443400000, 0x0000000443400000| Untracked 
|  90|0x0000000443800000, 0x0000000443800000, 0x0000000443c00000|  0%| F|  |TAMS 0x0000000443800000, 0x0000000443800000| Untracked 
|  91|0x0000000443c00000, 0x0000000443c00000, 0x0000000444000000|  0%| F|  |TAMS 0x0000000443c00000, 0x0000000443c00000| Untracked 
|  92|0x0000000444000000, 0x0000000444000000, 0x0000000444400000|  0%| F|  |TAMS 0x0000000444000000, 0x0000000444000000| Untracked 
|  93|0x0000000444400000, 0x0000000444400000, 0x0000000444800000|  0%| F|  |TAMS 0x0000000444400000, 0x0000000444400000| Untracked 
|  94|0x0000000444800000, 0x0000000444800000, 0x0000000444c00000|  0%| F|  |TAMS 0x0000000444800000, 0x0000000444800000| Untracked 
|  95|0x0000000444c00000, 0x0000000444c00000, 0x0000000445000000|  0%| F|  |TAMS 0x0000000444c00000, 0x0000000444c00000| Untracked 
|  96|0x0000000445000000, 0x0000000445000000, 0x0000000445400000|  0%| F|  |TAMS 0x0000000445000000, 0x0000000445000000| Untracked 
|  97|0x0000000445400000, 0x0000000445400000, 0x0000000445800000|  0%| F|  |TAMS 0x0000000445400000, 0x0000000445400000| Untracked 
|  98|0x0000000445800000, 0x0000000445800000, 0x0000000445c00000|  0%| F|  |TAMS 0x0000000445800000, 0x0000000445800000| Untracked 
|  99|0x0000000445c00000, 0x0000000445c00000, 0x0000000446000000|  0%| F|  |TAMS 0x0000000445c00000, 0x0000000445c00000| Untracked 
| 100|0x0000000446000000, 0x0000000446000000, 0x0000000446400000|  0%| F|  |TAMS 0x0000000446000000, 0x0000000446000000| Untracked 
| 101|0x0000000446400000, 0x0000000446400000, 0x0000000446800000|  0%| F|  |TAMS 0x0000000446400000, 0x0000000446400000| Untracked 
| 102|0x0000000446800000, 0x0000000446800000, 0x0000000446c00000|  0%| F|  |TAMS 0x0000000446800000, 0x0000000446800000| Untracked 
| 103|0x0000000446c00000, 0x0000000446c00000, 0x0000000447000000|  0%| F|  |TAMS 0x0000000446c00000, 0x0000000446c00000| Untracked 
| 104|0x0000000447000000, 0x0000000447000000, 0x0000000447400000|  0%| F|  |TAMS 0x0000000447000000, 0x0000000447000000| Untracked 
| 105|0x0000000447400000, 0x0000000447400000, 0x0000000447800000|  0%| F|  |TAMS 0x0000000447400000, 0x0000000447400000| Untracked 
| 106|0x0000000447800000, 0x0000000447800000, 0x0000000447c00000|  0%| F|  |TAMS 0x0000000447800000, 0x0000000447800000| Untracked 
| 107|0x0000000447c00000, 0x0000000447c00000, 0x0000000448000000|  0%| F|  |TAMS 0x0000000447c00000, 0x0000000447c00000| Untracked 
| 108|0x0000000448000000, 0x0000000448000000, 0x0000000448400000|  0%| F|  |TAMS 0x0000000448000000, 0x0000000448000000| Untracked 
| 109|0x0000000448400000, 0x0000000448400000, 0x0000000448800000|  0%| F|  |TAMS 0x0000000448400000, 0x0000000448400000| Untracked 
| 110|0x0000000448800000, 0x0000000448800000, 0x0000000448c00000|  0%| F|  |TAMS 0x0000000448800000, 0x0000000448800000| Untracked 
| 111|0x0000000448c00000, 0x0000000448c00000, 0x0000000449000000|  0%| F|  |TAMS 0x0000000448c00000, 0x0000000448c00000| Untracked 
| 112|0x0000000449000000, 0x0000000449000000, 0x0000000449400000|  0%| F|  |TAMS 0x0000000449000000, 0x0000000449000000| Untracked 
| 113|0x0000000449400000, 0x0000000449400000, 0x0000000449800000|  0%| F|  |TAMS 0x0000000449400000, 0x0000000449400000| Untracked 
| 114|0x0000000449800000, 0x0000000449800000, 0x0000000449c00000|  0%| F|  |TAMS 0x0000000449800000, 0x0000000449800000| Untracked 
| 115|0x0000000449c00000, 0x0000000449c00000, 0x000000044a000000|  0%| F|  |TAMS 0x0000000449c00000, 0x0000000449c00000| Untracked 
| 116|0x000000044a000000, 0x000000044a000000, 0x000000044a400000|  0%| F|  |TAMS 0x000000044a000000, 0x000000044a000000| Untracked 
| 117|0x000000044a400000, 0x000000044a400000, 0x000000044a800000|  0%| F|  |TAMS 0x000000044a400000, 0x000000044a400000| Untracked 
| 118|0x000000044a800000, 0x000000044a800000, 0x000000044ac00000|  0%| F|  |TAMS 0x000000044a800000, 0x000000044a800000| Untracked 
| 119|0x000000044ac00000, 0x000000044ac00000, 0x000000044b000000|  0%| F|  |TAMS 0x000000044ac00000, 0x000000044ac00000| Untracked 
| 120|0x000000044b000000, 0x000000044b3c53d8, 0x000000044b400000| 94%| E|  |TAMS 0x000000044b000000, 0x000000044b000000| Complete 
| 121|0x000000044b400000, 0x000000044b6724a8, 0x000000044b800000| 61%| S|CS|TAMS 0x000000044b400000, 0x000000044b400000| Complete 
| 122|0x000000044b800000, 0x000000044bc00000, 0x000000044bc00000|100%| E|CS|TAMS 0x000000044b800000, 0x000000044b800000| Complete 
| 123|0x000000044bc00000, 0x000000044c000000, 0x000000044c000000|100%| E|  |TAMS 0x000000044bc00000, 0x000000044bc00000| Complete 
| 124|0x000000044c000000, 0x000000044c400000, 0x000000044c400000|100%| E|CS|TAMS 0x000000044c000000, 0x000000044c000000| Complete 
| 125|0x000000044c400000, 0x000000044c800000, 0x000000044c800000|100%| E|CS|TAMS 0x000000044c400000, 0x000000044c400000| Complete 
| 126|0x000000044c800000, 0x000000044cc00000, 0x000000044cc00000|100%| E|CS|TAMS 0x000000044c800000, 0x000000044c800000| Complete 
| 127|0x000000044cc00000, 0x000000044d000000, 0x000000044d000000|100%| E|CS|TAMS 0x000000044cc00000, 0x000000044cc00000| Complete 

Card table byte_map: [0x000001810fff0000,0x0000018110fe0000] _byte_map_base: 0x000001810de88000

Marking Bits (Prev, Next): (CMBitMap*) 0x0000018177f6c150, (CMBitMap*) 0x0000018177f6c190
 Prev Bits: [0x0000018111fd0000, 0x0000018119ef0000)
 Next Bits: [0x0000018119ef0000, 0x0000018121e10000)

Polling page: 0x0000018175e50000

Metaspace:

Usage:
  Non-class:      8.80 MB used.
      Class:    755.07 KB used.
       Both:      9.53 MB used.

Virtual space:
  Non-class space:       16.00 MB reserved,       8.88 MB ( 55%) committed,  2 nodes.
      Class space:        1.00 GB reserved,     832.00 KB ( <1%) committed,  1 nodes.
             Both:        1.02 GB reserved,       9.69 MB ( <1%) committed. 

Chunk freelists:
   Non-Class:  2.95 MB
       Class:  3.03 MB
        Both:  5.98 MB

MaxMetaspaceSize: unlimited
CompressedClassSpaceSize: 1.00 GB
Initial GC threshold: 21.00 MB
Current GC threshold: 21.00 MB
CDS: on
MetaspaceReclaimPolicy: balanced
 - commit_granule_bytes: 65536.
 - commit_granule_words: 8192.
 - virtual_space_node_default_size: 1048576.
 - enlarge_chunks_in_place: 1.
 - new_chunks_are_fully_committed: 0.
 - uncommit_free_chunks: 1.
 - use_allocation_guard: 0.
 - handle_deallocations: 1.


Internal statistics:

num_allocs_failed_limit: 0.
num_arena_births: 120.
num_arena_deaths: 0.
num_vsnodes_births: 3.
num_vsnodes_deaths: 0.
num_space_committed: 153.
num_space_uncommitted: 0.
num_chunks_returned_to_freelist: 0.
num_chunks_taken_from_freelist: 302.
num_chunk_merges: 0.
num_chunk_splits: 208.
num_chunks_enlarged: 163.
num_purges: 0.
num_inconsistent_stats: 0.

CodeHeap 'non-profiled nmethods': size=119168Kb used=673Kb max_used=673Kb free=118494Kb
 bounds [0x0000018107ba0000, 0x0000018107e10000, 0x000001810f000000]
CodeHeap 'profiled nmethods': size=119104Kb used=3522Kb max_used=3522Kb free=115581Kb
 bounds [0x0000018100000000, 0x0000018100380000, 0x0000018107450000]
CodeHeap 'non-nmethods': size=7488Kb used=2816Kb max_used=2845Kb free=4672Kb
 bounds [0x0000018107450000, 0x0000018107720000, 0x0000018107ba0000]
 total_blobs=3024 nmethods=1879 adapters=1056
 compilation: enabled
              stopped_count=0, restarted_count=0
 full_count=0

Compilation events (20 events):
Event: 3.198 Thread 0x0000018123fea3a0 nmethod 1868 0x0000018100367010 code [0x00000181003671a0, 0x00000181003672b8]
Event: 3.198 Thread 0x0000018124f5ead0 nmethod 1869 0x0000018100367390 code [0x0000018100367580, 0x0000018100367a18]
Event: 3.214 Thread 0x0000018124f88320 1870       3       org.lwjgl.system.MemoryStack::malloc (25 bytes)
Event: 3.214 Thread 0x0000018123fea3a0 1871       3       org.lwjgl.system.MemoryUtil::memASCII (9 bytes)
Event: 3.215 Thread 0x0000018124f88320 nmethod 1870 0x0000018100367c10 code [0x0000018100367de0, 0x0000018100368128]
Event: 3.215 Thread 0x0000018123fea3a0 nmethod 1871 0x0000018100368290 code [0x0000018100368440, 0x00000181003686a8]
Event: 3.280 Thread 0x0000018123fe9900 1872       4       java.lang.StringBuilder::toString (35 bytes)
Event: 3.286 Thread 0x0000018123fe9900 nmethod 1872 0x0000018107c47490 code [0x0000018107c47620, 0x0000018107c47a78]
Event: 3.313 Thread 0x0000018124f5ead0 1873       3       com.badlogic.gdx.backends.lwjgl3.Lwjgl3GL20::glGetProgramiv (7 bytes)
Event: 3.314 Thread 0x0000018123fea3a0 1874       3       org.lwjgl.opengl.GL20::glGetProgramiv (7 bytes)
Event: 3.314 Thread 0x0000018124f88320 1875       3       org.lwjgl.opengl.GL20C::glGetProgramiv (21 bytes)
Event: 3.314 Thread 0x0000018124f88320 nmethod 1875 0x0000018100368810 code [0x0000018100368a00, 0x0000018100368ec8]
Event: 3.314 Thread 0x0000018124f5ead0 nmethod 1873 0x0000018100369110 code [0x0000018100369320, 0x00000181003698a8]
Event: 3.314 Thread 0x0000018123fea3a0 nmethod 1874 0x0000018100369b10 code [0x0000018100369d00, 0x000001810036a228]
Event: 3.331 Thread 0x0000018124f5ead0 1877       3       com.programmierbeleg.machine_mayhem.SpielObjekte.Knopf::render (351 bytes)
Event: 3.332 Thread 0x0000018124f5ead0 nmethod 1877 0x000001810036a490 code [0x000001810036a940, 0x000001810036bc38]
Event: 3.366 Thread 0x0000018123fea3a0 1878   !   3       sun.net.www.ParseUtil::decode (317 bytes)
Event: 3.367 Thread 0x0000018123fe9900 1879       4       java.lang.AbstractStringBuilder::appendChars (130 bytes)
Event: 3.368 Thread 0x0000018123fea3a0 nmethod 1878 0x000001810036c510 code [0x000001810036caa0, 0x000001810036f838]
Event: 3.370 Thread 0x0000018123fe9900 nmethod 1879 0x0000018107c48090 code [0x0000018107c48200, 0x0000018107c484f8]

GC Heap History (2 events):
Event: 0.279 GC heap before
{Heap before GC invocations=0 (full 0):
 garbage-first heap   total 524288K, used 20480K [0x000000042d000000, 0x0000000629800000)
  region size 4096K, 6 young (24576K), 0 survivors (0K)
 Metaspace       used 4825K, committed 4992K, reserved 1056768K
  class space    used 412K, committed 512K, reserved 1048576K
}
Event: 0.281 GC heap after
{Heap after GC invocations=1 (full 0):
 garbage-first heap   total 524288K, used 2505K [0x000000042d000000, 0x0000000629800000)
  region size 4096K, 1 young (4096K), 1 survivors (4096K)
 Metaspace       used 4825K, committed 4992K, reserved 1056768K
  class space    used 412K, committed 512K, reserved 1048576K
}

Deoptimization events (20 events):
Event: 1.071 Thread 0x0000018177ebe2d0 Uncommon trap: trap_request=0xffffffde fr.pc=0x0000018107be4348 relative=0x00000000000005c8
Event: 1.071 Thread 0x0000018177ebe2d0 Uncommon trap: reason=class_check action=maybe_recompile pc=0x0000018107be4348 method=java.awt.image.BufferedImage.getRGB(II)I @ 11 c2
Event: 1.071 Thread 0x0000018177ebe2d0 DEOPT PACKING pc=0x0000018107be4348 sp=0x00000007b62feb70
Event: 1.071 Thread 0x0000018177ebe2d0 DEOPT UNPACKING pc=0x00000181074a23a3 sp=0x00000007b62feb10 mode 2
Event: 1.071 Thread 0x0000018177ebe2d0 Uncommon trap: trap_request=0xffffffde fr.pc=0x0000018107be4348 relative=0x00000000000005c8
Event: 1.071 Thread 0x0000018177ebe2d0 Uncommon trap: reason=class_check action=maybe_recompile pc=0x0000018107be4348 method=java.awt.image.BufferedImage.getRGB(II)I @ 11 c2
Event: 1.071 Thread 0x0000018177ebe2d0 DEOPT PACKING pc=0x0000018107be4348 sp=0x00000007b62feac0
Event: 1.072 Thread 0x0000018177ebe2d0 DEOPT UNPACKING pc=0x00000181074a23a3 sp=0x00000007b62fea60 mode 2
Event: 1.072 Thread 0x0000018177ebe2d0 Uncommon trap: trap_request=0xffffffde fr.pc=0x0000018107be4348 relative=0x00000000000005c8
Event: 1.072 Thread 0x0000018177ebe2d0 Uncommon trap: reason=class_check action=maybe_recompile pc=0x0000018107be4348 method=java.awt.image.BufferedImage.getRGB(II)I @ 11 c2
Event: 1.072 Thread 0x0000018177ebe2d0 DEOPT PACKING pc=0x0000018107be4348 sp=0x00000007b62feac0
Event: 1.072 Thread 0x0000018177ebe2d0 DEOPT UNPACKING pc=0x00000181074a23a3 sp=0x00000007b62fea60 mode 2
Event: 1.072 Thread 0x0000018177ebe2d0 Uncommon trap: trap_request=0xffffffde fr.pc=0x0000018107be4348 relative=0x00000000000005c8
Event: 1.072 Thread 0x0000018177ebe2d0 Uncommon trap: reason=class_check action=maybe_recompile pc=0x0000018107be4348 method=java.awt.image.BufferedImage.getRGB(II)I @ 11 c2
Event: 1.072 Thread 0x0000018177ebe2d0 DEOPT PACKING pc=0x0000018107be4348 sp=0x00000007b62feb70
Event: 1.072 Thread 0x0000018177ebe2d0 DEOPT UNPACKING pc=0x00000181074a23a3 sp=0x00000007b62feb10 mode 2
Event: 1.080 Thread 0x0000018177ebe2d0 DEOPT PACKING pc=0x00000181002c7bbe sp=0x00000007b62fef70
Event: 1.080 Thread 0x0000018177ebe2d0 DEOPT UNPACKING pc=0x00000181074a2b43 sp=0x00000007b62fe4b8 mode 0
Event: 1.096 Thread 0x0000018177ebe2d0 DEOPT PACKING pc=0x00000181002c7bbe sp=0x00000007b62fef70
Event: 1.096 Thread 0x0000018177ebe2d0 DEOPT UNPACKING pc=0x00000181074a2b43 sp=0x00000007b62fe4b8 mode 0

Classes unloaded (0 events):
No events

Classes redefined (0 events):
No events

Internal exceptions (20 events):
Event: 0.325 Thread 0x0000018177ebe2d0 Exception <a 'sun/nio/fs/WindowsException'{0x000000044c822610}> (0x000000044c822610) 
thrown [s\open\src\hotspot\share\prims\jni.cpp, line 516]
Event: 0.326 Thread 0x0000018177ebe2d0 Exception <a 'sun/nio/fs/WindowsException'{0x000000044c822b60}> (0x000000044c822b60) 
thrown [s\open\src\hotspot\share\prims\jni.cpp, line 516]
Event: 0.330 Thread 0x0000018177ebe2d0 Exception <a 'java/lang/NoSuchMethodError'{0x000000044c860e48}: 'int java.lang.invoke.DirectMethodHandle$Holder.invokeStaticInit(java.lang.Object, java.lang.Object, int, long)'> (0x000000044c860e48) 
thrown [s\open\src\hotspot\share\interpreter\linkResolver.cpp, line 759]
Event: 0.331 Thread 0x0000018177ebe2d0 Exception <a 'java/lang/NoSuchMethodError'{0x000000044c866710}: 'java.lang.Object java.lang.invoke.DirectMethodHandle$Holder.newInvokeSpecial(java.lang.Object, java.lang.Object, int)'> (0x000000044c866710) 
thrown [s\open\src\hotspot\share\interpreter\linkResolver.cpp, line 759]
Event: 0.332 Thread 0x0000018177ebe2d0 Exception <a 'java/lang/NoSuchMethodError'{0x000000044c87b4d8}: 'int java.lang.invoke.DirectMethodHandle$Holder.invokeStaticInit(java.lang.Object, java.lang.Object, long, long)'> (0x000000044c87b4d8) 
thrown [s\open\src\hotspot\share\interpreter\linkResolver.cpp, line 759]
Event: 0.332 Thread 0x0000018177ebe2d0 Exception <a 'java/lang/NoSuchMethodError'{0x000000044c881260}: 'java.lang.Object java.lang.invoke.DirectMethodHandle$Holder.newInvokeSpecial(java.lang.Object, java.lang.Object, long)'> (0x000000044c881260) 
thrown [s\open\src\hotspot\share\interpreter\linkResolver.cpp, line 759]
Event: 0.332 Thread 0x0000018177ebe2d0 Exception <a 'java/lang/NoSuchMethodError'{0x000000044c884b28}: 'java.lang.Object java.lang.invoke.Invokers$Holder.linkToTargetMethod(java.lang.Object, long, java.lang.Object)'> (0x000000044c884b28) 
thrown [s\open\src\hotspot\share\interpreter\linkResolver.cpp, line 759]
Event: 0.333 Thread 0x0000018177ebe2d0 Exception <a 'java/lang/NoSuchMethodError'{0x000000044c88c128}: 'int java.lang.invoke.DirectMethodHandle$Holder.invokeStaticInit(java.lang.Object, java.lang.Object, java.lang.Object, long)'> (0x000000044c88c128) 
thrown [s\open\src\hotspot\share\interpreter\linkResolver.cpp, line 759]
Event: 0.346 Thread 0x0000018177ebe2d0 Exception <a 'sun/nio/fs/WindowsException'{0x000000044c944d78}> (0x000000044c944d78) 
thrown [s\open\src\hotspot\share\prims\jni.cpp, line 516]
Event: 0.346 Thread 0x0000018177ebe2d0 Exception <a 'sun/nio/fs/WindowsException'{0x000000044c945108}> (0x000000044c945108) 
thrown [s\open\src\hotspot\share\prims\jni.cpp, line 516]
Event: 0.358 Thread 0x0000018177ebe2d0 Exception <a 'sun/nio/fs/WindowsException'{0x000000044ca059d0}> (0x000000044ca059d0) 
thrown [s\open\src\hotspot\share\prims\jni.cpp, line 516]
Event: 0.358 Thread 0x0000018177ebe2d0 Exception <a 'sun/nio/fs/WindowsException'{0x000000044ca05d30}> (0x000000044ca05d30) 
thrown [s\open\src\hotspot\share\prims\jni.cpp, line 516]
Event: 0.380 Thread 0x0000018177ebe2d0 Exception <a 'sun/nio/fs/WindowsException'{0x000000044ca97620}> (0x000000044ca97620) 
thrown [s\open\src\hotspot\share\prims\jni.cpp, line 516]
Event: 0.380 Thread 0x0000018177ebe2d0 Exception <a 'sun/nio/fs/WindowsException'{0x000000044ca979a0}> (0x000000044ca979a0) 
thrown [s\open\src\hotspot\share\prims\jni.cpp, line 516]
Event: 0.405 Thread 0x0000018177ebe2d0 Exception <a 'java/lang/NoSuchMethodError'{0x000000044cae1820}: 'java.lang.Object java.lang.invoke.DirectMethodHandle$Holder.newInvokeSpecial(java.lang.Object, long)'> (0x000000044cae1820) 
thrown [s\open\src\hotspot\share\interpreter\linkResolver.cpp, line 759]
Event: 0.490 Thread 0x0000018177ebe2d0 Exception <a 'java/lang/NoSuchMethodError'{0x000000044c400550}: 'void java.lang.invoke.DirectMethodHandle$Holder.invokeStatic(java.lang.Object, long)'> (0x000000044c400550) 
thrown [s\open\src\hotspot\share\interpreter\linkResolver.cpp, line 759]
Event: 0.496 Thread 0x0000018177ebe2d0 Exception <a 'sun/nio/fs/WindowsException'{0x000000044c4377e0}> (0x000000044c4377e0) 
thrown [s\open\src\hotspot\share\prims\jni.cpp, line 516]
Event: 0.496 Thread 0x0000018177ebe2d0 Exception <a 'sun/nio/fs/WindowsException'{0x000000044c437b88}> (0x000000044c437b88) 
thrown [s\open\src\hotspot\share\prims\jni.cpp, line 516]
Event: 0.498 Thread 0x0000018177ebe2d0 Exception <a 'sun/nio/fs/WindowsException'{0x000000044c442208}> (0x000000044c442208) 
thrown [s\open\src\hotspot\share\prims\jni.cpp, line 516]
Event: 0.498 Thread 0x0000018177ebe2d0 Exception <a 'sun/nio/fs/WindowsException'{0x000000044c4424e8}> (0x000000044c4424e8) 
thrown [s\open\src\hotspot\share\prims\jni.cpp, line 516]

VM Operations (18 events):
Event: 0.057 Executing VM operation: HandshakeAllThreads
Event: 0.057 Executing VM operation: HandshakeAllThreads done
Event: 0.105 Executing VM operation: HandshakeAllThreads
Event: 0.105 Executing VM operation: HandshakeAllThreads done
Event: 0.108 Executing VM operation: HandshakeAllThreads
Event: 0.108 Executing VM operation: HandshakeAllThreads done
Event: 0.153 Executing VM operation: HandshakeAllThreads
Event: 0.153 Executing VM operation: HandshakeAllThreads done
Event: 0.279 Executing VM operation: G1CollectForAllocation
Event: 0.281 Executing VM operation: G1CollectForAllocation done
Event: 0.297 Executing VM operation: HandshakeAllThreads
Event: 0.297 Executing VM operation: HandshakeAllThreads done
Event: 0.312 Executing VM operation: HandshakeAllThreads
Event: 0.312 Executing VM operation: HandshakeAllThreads done
Event: 1.319 Executing VM operation: Cleanup
Event: 1.319 Executing VM operation: Cleanup done
Event: 2.320 Executing VM operation: Cleanup
Event: 2.320 Executing VM operation: Cleanup done

Events (20 events):
Event: 0.500 loading class jdk/internal/module/ModulePatcher$PatchedModuleReader done
Event: 0.501 loading class sun/net/www/protocol/jrt/Handler
Event: 0.501 loading class sun/net/www/protocol/jrt/Handler done
Event: 0.502 loading class sun/util/resources/LocaleData$CommonResourceBundleProvider
Event: 0.502 loading class sun/util/resources/LocaleData$LocaleDataResourceBundleProvider
Event: 0.502 loading class java/util/spi/ResourceBundleProvider
Event: 0.502 loading class java/util/spi/ResourceBundleProvider done
Event: 0.502 loading class sun/util/resources/LocaleData$LocaleDataResourceBundleProvider done
Event: 0.502 loading class sun/util/resources/LocaleData$CommonResourceBundleProvider done
Event: 0.502 loading class sun/util/resources/Bundles$2
Event: 0.502 loading class sun/util/resources/Bundles$2 done
Event: 0.623 loading class java/lang/reflect/InvocationTargetException
Event: 0.623 loading class java/lang/reflect/InvocationTargetException done
Event: 0.630 Thread 0x0000018131b933c0 Thread added: 0x0000018131b933c0
Event: 0.697 Thread 0x0000018126351470 Thread exited: 0x0000018126351470
Event: 0.747 Thread 0x0000018126351e40 Thread exited: 0x0000018126351e40
Event: 0.780 Thread 0x0000018126016c20 Thread exited: 0x0000018126016c20
Event: 0.781 Thread 0x0000018125e6e110 Thread exited: 0x0000018125e6e110
Event: 1.080 Thread 0x0000018131ddedc0 Thread added: 0x0000018131ddedc0
Event: 1.330 Thread 0x0000018131ddedc0 Thread exited: 0x0000018131ddedc0


Dynamic libraries:
0x00007ff73a780000 - 0x00007ff73a790000 	C:\Program Files\Java\jdk-17\bin\java.exe
0x00007fff84fd0000 - 0x00007fff851e4000 	C:\WINDOWS\SYSTEM32\ntdll.dll
0x00007fff83ee0000 - 0x00007fff83fa2000 	C:\WINDOWS\System32\KERNEL32.DLL
0x00007fff827f0000 - 0x00007fff82b93000 	C:\WINDOWS\System32\KERNELBASE.dll
0x00007fff82540000 - 0x00007fff82651000 	C:\WINDOWS\System32\ucrtbase.dll
0x00007fff7f780000 - 0x00007fff7f79b000 	C:\Program Files\Java\jdk-17\bin\VCRUNTIME140.dll
0x00007fff75b60000 - 0x00007fff75b78000 	C:\Program Files\Java\jdk-17\bin\jli.dll
0x00007fff84e50000 - 0x00007fff84efe000 	C:\WINDOWS\System32\ADVAPI32.dll
0x00007fff83d20000 - 0x00007fff83dc7000 	C:\WINDOWS\System32\msvcrt.dll
0x00007fff835b0000 - 0x00007fff83654000 	C:\WINDOWS\System32\sechost.dll
0x00007fff84440000 - 0x00007fff84557000 	C:\WINDOWS\System32\RPCRT4.dll
0x00007fff846f0000 - 0x00007fff8489b000 	C:\WINDOWS\System32\USER32.dll
0x00007fff82ba0000 - 0x00007fff82bc6000 	C:\WINDOWS\System32\win32u.dll
0x00007fff684c0000 - 0x00007fff6874e000 	C:\WINDOWS\WinSxS\amd64_microsoft.windows.common-controls_6595b64144ccf1df_6.0.22621.1635_none_270f70857386168e\COMCTL32.dll
0x00007fff83660000 - 0x00007fff83689000 	C:\WINDOWS\System32\GDI32.dll
0x00007fff82c90000 - 0x00007fff82da9000 	C:\WINDOWS\System32\gdi32full.dll
0x00007fff826d0000 - 0x00007fff8276a000 	C:\WINDOWS\System32\msvcp_win.dll
0x00007fff792b0000 - 0x00007fff792ba000 	C:\WINDOWS\SYSTEM32\VERSION.dll
0x00007fff83a70000 - 0x00007fff83aa1000 	C:\WINDOWS\System32\IMM32.DLL
0x00007fff76510000 - 0x00007fff7651c000 	C:\Program Files\Java\jdk-17\bin\vcruntime140_1.dll
0x00007fff5cd70000 - 0x00007fff5cdfe000 	C:\Program Files\Java\jdk-17\bin\msvcp140.dll
0x00007ffef7590000 - 0x00007ffef8167000 	C:\Program Files\Java\jdk-17\bin\server\jvm.dll
0x00007fff84f00000 - 0x00007fff84f08000 	C:\WINDOWS\System32\PSAPI.DLL
0x00007fff74040000 - 0x00007fff74049000 	C:\WINDOWS\SYSTEM32\WSOCK32.dll
0x00007fff84f10000 - 0x00007fff84f81000 	C:\WINDOWS\System32\WS2_32.dll
0x00007fff79190000 - 0x00007fff791c4000 	C:\WINDOWS\SYSTEM32\WINMM.dll
0x00007fff813e0000 - 0x00007fff813f8000 	C:\WINDOWS\SYSTEM32\kernel.appcore.dll
0x00007fff75650000 - 0x00007fff7565a000 	C:\Program Files\Java\jdk-17\bin\jimage.dll
0x00007fff7a810000 - 0x00007fff7aa3e000 	C:\WINDOWS\SYSTEM32\DBGHELP.DLL
0x00007fff84a60000 - 0x00007fff84de9000 	C:\WINDOWS\System32\combase.dll
0x00007fff84560000 - 0x00007fff84637000 	C:\WINDOWS\System32\OLEAUT32.dll
0x00007fff6ac30000 - 0x00007fff6ac62000 	C:\WINDOWS\SYSTEM32\dbgcore.DLL
0x00007fff82770000 - 0x00007fff827eb000 	C:\WINDOWS\System32\bcryptPrimitives.dll
0x00007fff661d0000 - 0x00007fff661f5000 	C:\Program Files\Java\jdk-17\bin\java.dll
0x00007fff5cc90000 - 0x00007fff5cd67000 	C:\Program Files\Java\jdk-17\bin\jsvml.dll
0x00007fff82db0000 - 0x00007fff835aa000 	C:\WINDOWS\System32\SHELL32.dll
0x00007fff80380000 - 0x00007fff80c4e000 	C:\WINDOWS\SYSTEM32\windows.storage.dll
0x00007fff80240000 - 0x00007fff8037e000 	C:\WINDOWS\SYSTEM32\wintypes.dll
0x00007fff837d0000 - 0x00007fff838c1000 	C:\WINDOWS\System32\SHCORE.dll
0x00007fff84df0000 - 0x00007fff84e4e000 	C:\WINDOWS\System32\shlwapi.dll
0x00007fff82300000 - 0x00007fff82321000 	C:\WINDOWS\SYSTEM32\profapi.dll
0x00007fff661b0000 - 0x00007fff661c9000 	C:\Program Files\Java\jdk-17\bin\net.dll
0x00007fff7c170000 - 0x00007fff7c2a7000 	C:\WINDOWS\SYSTEM32\WINHTTP.dll
0x00007fff81840000 - 0x00007fff818a9000 	C:\WINDOWS\system32\mswsock.dll
0x00007fff65240000 - 0x00007fff65256000 	C:\Program Files\Java\jdk-17\bin\nio.dll
0x00007fff65220000 - 0x00007fff65238000 	C:\Program Files\Java\jdk-17\bin\zip.dll
0x00007ffef6040000 - 0x00007ffef61d1000 	C:\Program Files\Java\jdk-17\bin\awt.dll
0x00007fff7f7a0000 - 0x00007fff7f837000 	C:\WINDOWS\SYSTEM32\apphelp.dll
0x00007fff7fdc0000 - 0x00007fff7fdeb000 	C:\WINDOWS\system32\DWMAPI.DLL
0x00007fff7f950000 - 0x00007fff7f9fb000 	C:\WINDOWS\system32\uxtheme.dll
0x00007fff74d50000 - 0x00007fff74d7e000 	C:\Program Files\Java\jdk-17\bin\javajpeg.dll
0x0000000064a90000 - 0x0000000064ab9000 	C:\Users\matti\AppData\Local\Temp\libgdxmatti\e787ab0a\gdx64.dll
0x00007fff557d0000 - 0x00007fff55845000 	C:\Users\matti\AppData\Local\Temp\lwjglmatti\3.3.1-build-7\lwjgl.dll
0x00007ffef5c00000 - 0x00007ffef5e59000 	C:\Users\matti\AppData\Local\Temp\lwjglmatti\3.3.1-build-7\jemalloc.dll
0x00007fff5bd70000 - 0x00007fff5bdd1000 	C:\Users\matti\AppData\Local\Temp\lwjglmatti\3.3.1-build-7\glfw.dll
0x00007fff620b0000 - 0x00007fff620f6000 	C:\WINDOWS\SYSTEM32\dinput8.dll
0x00007fff67d00000 - 0x00007fff67d11000 	C:\WINDOWS\SYSTEM32\xinput1_4.dll
0x00007fff820c0000 - 0x00007fff8210e000 	C:\WINDOWS\SYSTEM32\cfgmgr32.dll
0x00007fff82090000 - 0x00007fff820bc000 	C:\WINDOWS\SYSTEM32\DEVOBJ.dll
0x00007fff65f90000 - 0x00007fff66191000 	C:\WINDOWS\SYSTEM32\inputhost.dll
0x00007fff7f3d0000 - 0x00007fff7f503000 	C:\WINDOWS\SYSTEM32\CoreMessaging.dll
0x00007fff81bb0000 - 0x00007fff81bbc000 	C:\WINDOWS\SYSTEM32\CRYPTBASE.DLL
0x00007fff836a0000 - 0x00007fff837c7000 	C:\WINDOWS\System32\MSCTF.dll
0x00007ffef4bf0000 - 0x00007ffef4d87000 	C:\Users\matti\AppData\Local\Temp\lwjglmatti\3.3.1-build-7\OpenAL.dll
0x00007fff838d0000 - 0x00007fff83a6c000 	C:\WINDOWS\System32\ole32.dll
0x00007fff84640000 - 0x00007fff846f0000 	C:\WINDOWS\System32\clbcatq.dll
0x00007fff79200000 - 0x00007fff7929d000 	C:\WINDOWS\System32\MMDevApi.dll
0x00007fff76080000 - 0x00007fff7626c000 	C:\WINDOWS\SYSTEM32\AUDIOSES.DLL
0x00007fff7fe40000 - 0x00007fff7fe55000 	C:\WINDOWS\SYSTEM32\resourcepolicyclient.dll
0x00007fff81c40000 - 0x00007fff81c8d000 	C:\WINDOWS\SYSTEM32\powrprof.dll
0x00007fff81be0000 - 0x00007fff81bf3000 	C:\WINDOWS\SYSTEM32\UMPDC.dll
0x00007fff2bd80000 - 0x00007fff2be80000 	C:\WINDOWS\SYSTEM32\opengl32.dll
0x00007fff2bd50000 - 0x00007fff2bd7d000 	C:\WINDOWS\SYSTEM32\GLU32.dll
0x00007fff7fa90000 - 0x00007fff7fac8000 	C:\WINDOWS\SYSTEM32\dxcore.dll
0x00007fff7cc10000 - 0x00007fff7cd44000 	C:\Windows\System32\AppXDeploymentClient.dll
0x00007fff5c790000 - 0x00007fff5c7bd000 	C:\WINDOWS\System32\DriverStore\FileRepository\u0392410.inf_amd64_db8e7eec2f31b31d\B392251\atig6pxx.dll
0x00007ffee3bf0000 - 0x00007ffee8105000 	C:\WINDOWS\System32\DriverStore\FileRepository\u0392410.inf_amd64_db8e7eec2f31b31d\B392251\atio6axx.dll
0x00007fff83fc0000 - 0x00007fff84434000 	C:\WINDOWS\System32\SETUPAPI.dll
0x00007fff82660000 - 0x00007fff826cb000 	C:\WINDOWS\System32\WINTRUST.dll
0x00007fff823d0000 - 0x00007fff82537000 	C:\WINDOWS\System32\CRYPT32.dll
0x00007fff81ca0000 - 0x00007fff81cb2000 	C:\WINDOWS\SYSTEM32\MSASN1.dll
0x00007fff81da0000 - 0x00007fff81dc8000 	C:\WINDOWS\SYSTEM32\BCrypt.dll
0x00007fff78f60000 - 0x00007fff7901c000 	C:\WINDOWS\SYSTEM32\mscms.dll
0x00007fff55700000 - 0x00007fff55749000 	C:\WINDOWS\SYSTEM32\icm32.dll
0x00007fff556a0000 - 0x00007fff556fd000 	C:\Users\matti\AppData\Local\Temp\lwjglmatti\3.3.1-build-7\lwjgl_opengl.dll
0x00007fff62dd0000 - 0x00007fff62efd000 	C:\WINDOWS\SYSTEM32\textinputframework.dll
0x00007fff7c360000 - 0x00007fff7c6cc000 	C:\WINDOWS\SYSTEM32\CoreUIComponents.dll

dbghelp: loaded successfully - version: 4.0.5 - missing functions: none
symbol engine: initialized successfully - sym options: 0x614 - pdb path: .;C:\Program Files\Java\jdk-17\bin;C:\WINDOWS\SYSTEM32;C:\WINDOWS\WinSxS\amd64_microsoft.windows.common-controls_6595b64144ccf1df_6.0.22621.1635_none_270f70857386168e;C:\Program Files\Java\jdk-17\bin\server;C:\Users\matti\AppData\Local\Temp\libgdxmatti\e787ab0a;C:\Users\matti\AppData\Local\Temp\lwjglmatti\3.3.1-build-7;C:\WINDOWS\System32\DriverStore\FileRepository\u0392410.inf_amd64_db8e7eec2f31b31d\B392251

VM Arguments:
jvm_args: -Dfile.encoding=UTF-8 -Duser.country=DE -Duser.language=de -Duser.variant 
java_command: com.programmierbeleg.machine_mayhem.DesktopLauncher
java_class_path (initial): C:\Users\matti\Documents\IntelliJ_Projekte\Machine-Mayhem-dev3\desktop\build\classes\java\main;C:\Users\matti\Documents\IntelliJ_Projekte\Machine-Mayhem-dev3\desktop\build\resources\main;C:\Users\matti\.gradle\caches\modules-2\files-2.1\com.badlogicgames.gdx\gdx-backend-lwjgl3\1.11.0\58a96db4cd349be4292d547856aa1e1c5f065f4e\gdx-backend-lwjgl3-1.11.0.jar;C:\Users\matti\.gradle\caches\modules-2\files-2.1\com.badlogicgames.gdx\gdx-platform\1.11.0\697fb13eada6d3c6ca648c9788692b0159add126\gdx-platform-1.11.0-natives-desktop.jar;C:\Users\matti\.gradle\caches\modules-2\files-2.1\com.badlogicgames.gdx\gdx-bullet-platform\1.11.0\2c067b913a306ba26d482075297538ad91cdb88b\gdx-bullet-platform-1.11.0-natives-desktop.jar;C:\Users\matti\.gradle\caches\modules-2\files-2.1\com.badlogicgames.gdx\gdx-freetype-platform\1.11.0\420e2c2c206843a0d51010be28a141a1eb946235\gdx-freetype-platform-1.11.0-natives-desktop.jar;C:\Users\matti\.gradle\caches\modules-2\files-2.1\com.badlogicgames.gdx-controllers\gdx-controllers-desktop\2.2.1\cb3430c32468a090eca54d494d16bb3764ceff9b\gdx-controllers-desktop-2.2.1.jar;C:\Users\matti\.gradle\caches\modules-2\files-2.1\com.badlogicgames.gdx\gdx-box2d-platform\1.11.0\62ff9baa1e57a11e0a4428a38c9660bf9f312fdc\gdx-box2d-platform-1.11.0-natives-desktop.jar;C:\Users\matti\.gradle\caches\modules-2\files-2.1\com.badlogicgames.gdx\gdx-tools\1.11.0\a5d30eafd0f2fbab314efdf6d98ebc27388b7c0a\gdx-tools-1.11.0.jar;C:\Users\matti\Documents\IntelliJ_Projekte\Machine-Mayhem-dev3\core\build\libs\core-1.0.jar;C:\Users\matti\.gradle\caches\modules-2\files-2.1\com.badlogicgames.gdx-controllers\gdx-controllers-core\2.2.1\8aca0dc002a8daf6a6d28f49c44e25189dd93fd7\gdx-controllers-core-2.2.1.jar;C:\Users\matti\.gradle\caches\modules-2\files-2.1\com.badlogicgames.gdx\gdx-backend-lwjgl\1.11.0\33555a2cf8b4d9db4122b2fe42e7674b343d8b4\gdx-backend-lwjgl-1.11.0.jar;C:\Users\matti\.gradle\caches\modules-2\files-2.1\com.badlogicgames.gdx\gdx-freetype\1.11.0\a3634a
Launcher Type: SUN_STANDARD

[Global flags]
     intx CICompilerCount                          = 12                                        {product} {ergonomic}
     uint ConcGCThreads                            = 3                                         {product} {ergonomic}
     uint G1ConcRefinementThreads                  = 13                                        {product} {ergonomic}
   size_t G1HeapRegionSize                         = 4194304                                   {product} {ergonomic}
    uintx GCDrainStackTargetSize                   = 64                                        {product} {ergonomic}
   size_t InitialHeapSize                          = 536870912                                 {product} {ergonomic}
   size_t MarkStackSize                            = 4194304                                   {product} {ergonomic}
   size_t MaxHeapSize                              = 8531214336                                {product} {ergonomic}
   size_t MaxNewSize                               = 5117050880                                {product} {ergonomic}
   size_t MinHeapDeltaBytes                        = 4194304                                   {product} {ergonomic}
   size_t MinHeapSize                              = 8388608                                   {product} {ergonomic}
    uintx NonNMethodCodeHeapSize                   = 7602480                                {pd product} {ergonomic}
    uintx NonProfiledCodeHeapSize                  = 122027880                              {pd product} {ergonomic}
    uintx ProfiledCodeHeapSize                     = 122027880                              {pd product} {ergonomic}
    uintx ReservedCodeCacheSize                    = 251658240                              {pd product} {ergonomic}
     bool SegmentedCodeCache                       = true                                      {product} {ergonomic}
   size_t SoftMaxHeapSize                          = 8531214336                             {manageable} {ergonomic}
     bool UseCompressedClassPointers               = true                           {product lp64_product} {ergonomic}
     bool UseCompressedOops                        = true                           {product lp64_product} {ergonomic}
     bool UseG1GC                                  = true                                      {product} {ergonomic}
     bool UseLargePagesIndividualAllocation        = false                                  {pd product} {ergonomic}

Logging:
Log output configuration:
 #0: stdout all=warning uptime,level,tags
 #1: stderr all=off uptime,level,tags

Environment Variables:
JAVA_HOME=C:\Program Files\Java\jdk-17
PATH=C:\Windows\system32;C:\Windows;C:\Windows\System32\Wbem;C:\Windows\System32\WindowsPowerShell\v1.0\;C:\Windows\System32\OpenSSH\;C:\WINDOWS\system32;C:\WINDOWS;C:\WINDOWS\System32\Wbem;C:\WINDOWS\System32\WindowsPowerShell\v1.0\;C:\WINDOWS\System32\OpenSSH\;C:\Program Files\dotnet\;C:\Program Files\Git\cmd;C:\Gradle\gradle-8.0.2\bin;C:\Program Files\Java\jdk-17\bin;C:\Users\matti\AppData\Local\Microsoft\WindowsApps;C:\Users\matti\AppData\Local\Programs\Microsoft VS Code\bin;C:\Users\matti\.dotnet\tools;C:\Users\matti\AppData\Local\GitHubDesktop\bin;C:\Program Files\JetBrains\IntelliJ IDEA Community Edition 2023.1\bin;;C:\Program Files\Java\jdk-17\bin;
USERNAME=matti
OS=Windows_NT
PROCESSOR_IDENTIFIER=Intel64 Family 6 Model 151 Stepping 2, GenuineIntel



---------------  S Y S T E M  ---------------

OS:
 Windows 11 , 64 bit Build 22621 (10.0.22621.1778)
OS uptime: 3 days 20:40 hours
Hyper-V role detected

CPU: total 16 (initial active 16) (8 cores per cpu, 2 threads per core) family 6 model 151 stepping 2 microcode 0x26, cx8, cmov, fxsr, ht, mmx, 3dnowpref, sse, sse2, sse3, ssse3, sse4.1, sse4.2, popcnt, lzcnt, tsc, tscinvbit, avx, avx2, aes, erms, clmul, bmi1, bmi2, adx, sha, fma, vzeroupper, clflush, clflushopt, clwb, hv

Memory: 4k page, system-wide physical 32538M (20939M free)
TotalPageFile size 34586M (AvailPageFile size 19061M)
current process WorkingSet (physical memory assigned to process): 178M, peak: 178M
current process commit charge ("private bytes"): 760M, peak: 760M

vm_info: Java HotSpot(TM) 64-Bit Server VM (17.0.6+9-LTS-190) for windows-amd64 JRE (17.0.6+9-LTS-190), built on Dec  6 2022 15:53:54 by "mach5one" with MS VC++ 17.1 (VS2022)

END.
